<?xml version="1.0" encoding="UTF-8"?>
<testng-results skipped="0" failed="0" ignored="0" total="1" passed="1">
  <reporter-output>
    <line>
      <![CDATA[<div "featureFile">Feature File: src&#x2F;test&#x2F;resources&#x2F;com.sample.testng&#x2F;testsample.feature</div>]]>
    </line>
    <line>
      <![CDATA[<div "feature">Feature: This is just a test feature</div>]]>
    </line>
    <line>
      <![CDATA[<div "scenario">Scenario: This is just a test scenario</div>]]>
    </line>
    <line>
      <![CDATA[<div "result">Given  This is given statement (passed : 0s)</div>]]>
    </line>
    <line>
      <![CDATA[<div "result">And  This is And statement (passed : 0s)</div>]]>
    </line>
    <line>
      <![CDATA[<div "result">When  This is when statement (passed : 0s)</div>]]>
    </line>
    <line>
      <![CDATA[<div "result">Then  This is then statement (passed : 0s)</div>]]>
    </line>
  </reporter-output>
  <suite name="Custom suite" duration-ms="282" started-at="2017-07-08T19:41:33Z" finished-at="2017-07-08T19:41:34Z">
    <groups>
      <group name="cucumber">
        <method signature="AbstractTestNGCucumberTests.run_cukes()[pri:0, instance:com.sample.testng.RunnerSample@7586beff]" name="run_cukes" class="cucumber.api.testng.AbstractTestNGCucumberTests"/>
      </group> <!-- cucumber -->
    </groups>
    <test name="Cucumber Date Calculator Test 1" duration-ms="282" started-at="2017-07-08T19:41:33Z" finished-at="2017-07-08T19:41:34Z">
      <class name="com.sample.testng.RunnerSample">
        <test-method status="PASS" signature="run_cukes()[pri:0, instance:com.sample.testng.RunnerSample@7586beff]" name="run_cukes" duration-ms="272" started-at="2017-07-08T12:41:33Z" description="Runs Cucumber Features" finished-at="2017-07-08T12:41:34Z">
          <reporter-output>
            <line>
              <![CDATA[<div "featureFile">Feature File: src&#x2F;test&#x2F;resources&#x2F;com.sample.testng&#x2F;testsample.feature</div>]]>
            </line>
            <line>
              <![CDATA[<div "feature">Feature: This is just a test feature</div>]]>
            </line>
            <line>
              <![CDATA[<div "scenario">Scenario: This is just a test scenario</div>]]>
            </line>
            <line>
              <![CDATA[<div "result">Given  This is given statement (passed : 0s)</div>]]>
            </line>
            <line>
              <![CDATA[<div "result">And  This is And statement (passed : 0s)</div>]]>
            </line>
            <line>
              <![CDATA[<div "result">When  This is when statement (passed : 0s)</div>]]>
            </line>
            <line>
              <![CDATA[<div "result">Then  This is then statement (passed : 0s)</div>]]>
            </line>
          </reporter-output>
        </test-method> <!-- run_cukes -->
      </class> <!-- com.sample.testng.RunnerSample -->
    </test> <!-- Cucumber Date Calculator Test 1 -->
  </suite> <!-- Custom suite -->
</testng-results>
